<?xml version="1.0" encoding="UTF-8"?>
<!-- Generated by org.testng.reporters.JUnitReportReporter -->
<testsuite hostname="DESKTOP-MS19N6O" failures="0" tests="1" name="com.Testing.Screenshots3" time="25.495" errors="0" timestamp="2021-11-30T23:40:21 IST" skipped="0">
  <testcase classname="com.Testing.Screenshots3" name="ScreenshotTest" time="25.495"/>
  <system-out/>
</testsuite> <!-- com.Testing.Screenshots3 -->
