<?xml version="1.0" encoding="UTF-8"?>
<!-- Generated by org.testng.reporters.JUnitReportReporter -->
<testsuite hostname="DESKTOP-MS19N6O" failures="0" tests="2" name="com.Testing.Day3" time="0.007" errors="0" timestamp="2021-11-17T11:59:47 IST" skipped="0">
  <testcase classname="com.Testing.Day3" name="APIlogincarloanTest" time="0.004"/>
  <system-out/>
  <testcase classname="com.Testing.Day3" name="MobileSignoutcarloanTest" time="0.003"/>
  <system-out/>
</testsuite> <!-- com.Testing.Day3 -->
