<?xml version="1.0" encoding="UTF-8"?>
<!-- Generated by org.testng.reporters.JUnitReportReporter -->
<testsuite hostname="DESKTOP-MS19N6O" failures="0" tests="2" name="com.Testing.Day1" time="0.025" errors="0" timestamp="2021-11-17T11:59:47 IST" skipped="0">
  <testcase classname="com.Testing.Day1" name="Weblogincarloan" time="0.003"/>
  <system-out/>
  <testcase classname="com.Testing.Day1" name="APIlogincarloan" time="0.022"/>
  <system-out/>
</testsuite> <!-- com.Testing.Day1 -->
