<?xml version="1.0" encoding="UTF-8"?>
<!-- Generated by org.testng.reporters.JUnitReportReporter -->
<testsuite hostname="DESKTOP-MS19N6O" failures="0" tests="1" name="com.Testing.InvocationCount" time="0.014" errors="0" timestamp="2021-11-17T12:21:32 IST" skipped="0">
  <testcase classname="com.Testing.InvocationCount" name="invokeTest" time="0.014"/>
  <system-out/>
</testsuite> <!-- com.Testing.InvocationCount -->
