<?xml version="1.0" encoding="UTF-8"?>
<!-- Generated by org.testng.reporters.JUnitReportReporter -->
<testsuite hostname="DESKTOP-MS19N6O" failures="0" tests="3" name="com.Testing.Datadriven" time="0.018" errors="0" timestamp="2021-11-30T23:19:46 IST" skipped="0">
  <testcase classname="com.Testing.Datadriven" name="Userid" time="0.013"/>
  <system-out/>
  <testcase classname="com.Testing.Datadriven" name="Userid" time="0.002"/>
  <system-out/>
  <testcase classname="com.Testing.Datadriven" name="Userid" time="0.003"/>
  <system-out/>
</testsuite> <!-- com.Testing.Datadriven -->
