<?xml version="1.0" encoding="UTF-8"?>
<!-- Generated by org.testng.reporters.JUnitReportReporter -->
<testsuite hostname="DESKTOP-MS19N6O" failures="0" tests="2" name="com.Testing.Surround" time="0.018" errors="0" timestamp="2021-11-30T23:40:21 IST" skipped="0">
  <testcase classname="com.Testing.Surround" name="Surrounddemo" time="0.005"/>
  <system-out/>
  <testcase classname="com.Testing.Surround" name="Surroundfirst" time="0.013"/>
  <system-out/>
</testsuite> <!-- com.Testing.Surround -->
