<?xml version="1.0" encoding="UTF-8"?>
<!-- Generated by org.testng.reporters.JUnitReportReporter -->
<testsuite hostname="DESKTOP-MS19N6O" failures="0" tests="3" name="com.Testing.Sample" time="40.369" errors="0" timestamp="2021-11-17T12:06:25 IST" skipped="0">
  <testcase classname="com.Testing.Sample" name="GoogleLogo" time="18.499"/>
  <system-out/>
  <testcase classname="com.Testing.Sample" name="mailLinkText" time="11.217"/>
  <system-out/>
  <testcase classname="com.Testing.Sample" name="GoogleTittleTest" time="10.653"/>
  <system-out/>
</testsuite> <!-- com.Testing.Sample -->
