<?xml version="1.0" encoding="UTF-8"?>
<!-- Generated by org.testng.reporters.JUnitReportReporter -->
<testsuite hostname="DESKTOP-MS19N6O" failures="0" tests="1" name="com.Testing.Mouse" time="29.314" errors="0" timestamp="2021-11-30T23:40:21 IST" skipped="0">
  <testcase classname="com.Testing.Mouse" name="MouseTEST" time="29.314"/>
  <system-out/>
</testsuite> <!-- com.Testing.Mouse -->
