<?xml version="1.0" encoding="UTF-8"?>
<!-- Generated by org.testng.reporters.JUnitReportReporter -->
<testsuite hostname="DESKTOP-MS19N6O" failures="0" tests="2" name="com.Testing.DumbleDore" time="0.013" errors="0" timestamp="2021-11-30T23:40:21 IST" skipped="0">
  <testcase classname="com.Testing.DumbleDore" name="DumbleDorefirst" time="0.005"/>
  <system-out/>
  <testcase classname="com.Testing.DumbleDore" name="DumbleDoredemo" time="0.008"/>
  <system-out/>
</testsuite> <!-- com.Testing.DumbleDore -->
